This file contains any messages produced by compilers while
running configure, to aid debugging if configure makes a mistake.

It was created by CheckMATE configure 2.0.0, which was
generated by GNU Autoconf 2.69.  Invocation command line was

  $ ./configure --with-rootsys=/scratch/work/poncza/ROOT-5.34.36 --with-delphes=/scratch/work/poncza/Delphes-3.4.1/Delphes-3.4.1 --with-madgraph=/scratch/work/poncza/MG5_aMC_v2_5_1 --with-pythia=/scratch/work/poncza/Pythia-8.2 --with-hepmc=/scratch/work/poncza/HepMC-2.06.09 --with-lhapdf=/scratch/work/poncza/lhapdf-6.1.5

## --------- ##
## Platform. ##
## --------- ##

hostname = lxte513
uname -m = x86_64
uname -r = 4.4.138-59-default
uname -s = Linux
uname -v = #1 SMP Mon Jun 18 13:48:42 UTC 2018 (f0b8f6b)

/usr/bin/uname -p = x86_64
/bin/uname -X     = unknown

/bin/arch              = x86_64
/usr/bin/arch -k       = unknown
/usr/convex/getsysinfo = unknown
/usr/bin/hostinfo      = unknown
/bin/machine           = unknown
/usr/bin/oslevel       = unknown
/bin/universe          = unknown

PATH: /net/home/lxtsfs1/tpe/poncza/.openmpi/bin
PATH: /net/home/lxtsfs1/tpe/poncza/.automake-1.14.1/bin
PATH: /net/home/lxtsfs1/tpe/poncza/bin/python_lib
PATH: /net/home/lxtsfs1/tpe/poncza/.node_6.11.0/bin
PATH: /net/home/lxtsfs1/tpe/poncza/.yarn/dist/bin
PATH: /scratch/work/poncza/swig-3.0.12/bin
PATH: /scratch/work/poncza/ROOT-5.34.36/bin
PATH: /net/home/lxtsfs1/tpe/poncza/bin
PATH: /bin
PATH: /usr/bin
PATH: /usr/local/bin
PATH: /usr/X11R6/bin
PATH: /usr/bin/X11
PATH: /usr/games
PATH: /usr/lib/qt3/bin


## ----------- ##
## Core tests. ##
## ----------- ##

configure:2403: loading site script /usr/share/site/x86_64-unknown-linux-gnu
| #!/bin/sh
| # Site script for configure. It is resourced via $CONFIG_SITE environment varaible.
| 
| # If user did not specify libdir, guess the correct target:
| # Use lib64 for 64 bit bi-arch targets, keep the default for the rest.
| if test "$libdir" = '${exec_prefix}/lib' ; then
| 
| 	ac_config_site_64bit_host=NONE
| 
| 	case "$host" in
| 	"" )
| 		# User did not specify host target.
| 		# The native platform x86_64 is a bi-arch platform.
| 		# Try to detect cross-compilation to inferior architecture.
| 
| 		# We are trying to guess 32-bit target compilation. It's not as easy as
| 		# it sounds, as there is possible several intermediate combinations.
| 		ac_config_site_cross_to_32bit_host=NONE
| 
| 		# User defined -m32 in CFLAGS or CXXFLAGS or CC or CXX:
| 		# (It's sufficient for 32-bit, but alone may cause mis-behavior of some checks.)
| 		case "$CFLAGS $CXXFLAGS $CC $CXX" in
| 		*-m32*)
| 			ac_config_site_cross_to_32bit_host=YES
| 			;;
| 		esac
| 
| 		# Running with linux32:
| 		# (Changes detected platform, but not the toolchain target.)
| 		case "`/bin/uname -i`" in
| 		x86_64 | ppc64 | s390x )
| 			;;
| 		* )
| 			ac_config_site_cross_to_32bit_host=YES
| 			;;
| 		esac
| 
| 		if test "x$ac_config_site_cross_to_32bit_host" = xNONE; then
| 			ac_config_site_64bit_host=YES
| 		fi
| 
| 		;;
| 	*x86_64* | *ppc64* | *s390x* )
| 		ac_config_site_64bit_host=YES
| 		;;
| 	esac
| 
| 	if test "x$ac_config_site_64bit_host" = xYES; then
| 		libdir='${exec_prefix}/lib64'
| 	fi
| fi
| 
| # If user did not specify libexecdir, set the correct target:
| # Nor FHS nor openSUSE allow prefix/libexec. Let's default to prefix/lib.
| 
| if test "$libexecdir" = '${exec_prefix}/libexec' ; then
| 	libexecdir='${exec_prefix}/lib'
| fi
| 
| # Continue with the standard behavior of configure defined in AC_SITE_LOAD:
| if test "x$prefix" != xNONE; then
| 	ac_site_file1=$prefix/share/config.site
| 	ac_site_file2=$prefix/etc/config.site
| else
| 	ac_site_file1=$ac_default_prefix/share/config.site
| 	ac_site_file2=$ac_default_prefix/etc/config.site
| fi
| for ac_site_file in "$ac_site_file1" "$ac_site_file2"
| do
| 	test "x$ac_site_file" = xNONE && continue
| 	if test /dev/null != "$ac_site_file" && test -r "$ac_site_file"; then
| 		{ $as_echo "/usr/share/site/x86_64-unknown-linux-gnu:${as_lineno-$LINENO}: loading site script $ac_site_file" >&5
| $as_echo "/usr/share/site/x86_64-unknown-linux-gnu: loading site script $ac_site_file" >&6;}
| 		sed 's/^/| /' "$ac_site_file" >&5
| 		. "$ac_site_file" \
| 			|| { { $as_echo "/usr/share/site/x86_64-unknown-linux-gnu:${as_lineno-$LINENO}: error: in \`$ac_pwd':" >&5
| $as_echo "/usr/share/site/x86_64-unknown-linux-gnu: error: in \`$ac_pwd':" >&2;}
| as_fn_error $? "failed to load site script $ac_site_file
| See \`config.log' for more details" "$LINENO" 5; }
| 	fi
| done
configure:2544: checking for a BSD-compatible install
configure:2612: result: /usr/bin/install -c
configure:2623: checking whether build environment is sane
configure:2678: result: yes
configure:2829: checking for a thread-safe mkdir -p
configure:2868: result: /bin/mkdir -p
configure:2875: checking for gawk
configure:2891: found /bin/gawk
configure:2902: result: gawk
configure:2913: checking whether make sets $(MAKE)
configure:2935: result: yes
configure:2964: checking whether make supports nested variables
configure:2981: result: yes
configure:3165: checking for g++
configure:3181: found /usr/bin/g++
configure:3192: result: g++
configure:3219: checking for C++ compiler version
configure:3228: g++ --version >&5
g++ (SUSE Linux) 4.8.5
Copyright (C) 2015 Free Software Foundation, Inc.
This is free software; see the source for copying conditions.  There is NO
warranty; not even for MERCHANTABILITY or FITNESS FOR A PARTICULAR PURPOSE.

configure:3239: $? = 0
configure:3228: g++ -v >&5
Using built-in specs.
COLLECT_GCC=g++
COLLECT_LTO_WRAPPER=/usr/lib64/gcc/x86_64-suse-linux/4.8/lto-wrapper
Target: x86_64-suse-linux
Configured with: ../configure --prefix=/usr --infodir=/usr/share/info --mandir=/usr/share/man --libdir=/usr/lib64 --libexecdir=/usr/lib64 --enable-languages=c,c++,objc,fortran,obj-c++,java,ada --enable-checking=release --with-gxx-include-dir=/usr/include/c++/4.8 --enable-ssp --disable-libssp --disable-plugin --with-bugurl=http://bugs.opensuse.org/ --with-pkgversion='SUSE Linux' --disable-libgcj --disable-libmudflap --with-slibdir=/lib64 --with-system-zlib --enable-__cxa_atexit --enable-libstdcxx-allocator=new --disable-libstdcxx-pch --enable-version-specific-runtime-libs --enable-linker-build-id --enable-linux-futex --program-suffix=-4.8 --without-system-libunwind --with-arch-32=i586 --with-tune=generic --build=x86_64-suse-linux --host=x86_64-suse-linux
Thread model: posix
gcc version 4.8.5 (SUSE Linux) 
configure:3239: $? = 0
configure:3228: g++ -V >&5
g++: error: unrecognized command line option '-V'
g++: fatal error: no input files
compilation terminated.
configure:3239: $? = 1
configure:3228: g++ -qversion >&5
g++: error: unrecognized command line option '-qversion'
g++: fatal error: no input files
compilation terminated.
configure:3239: $? = 1
configure:3259: checking whether the C++ compiler works
configure:3281: g++    conftest.cpp  >&5
configure:3285: $? = 0
configure:3333: result: yes
configure:3336: checking for C++ compiler default output file name
configure:3338: result: a.out
configure:3344: checking for suffix of executables
configure:3351: g++ -o conftest    conftest.cpp  >&5
configure:3355: $? = 0
configure:3377: result: 
configure:3399: checking whether we are cross compiling
configure:3407: g++ -o conftest    conftest.cpp  >&5
configure:3411: $? = 0
configure:3418: ./conftest
configure:3422: $? = 0
configure:3437: result: no
configure:3442: checking for suffix of object files
configure:3464: g++ -c   conftest.cpp >&5
configure:3468: $? = 0
configure:3489: result: o
configure:3493: checking whether we are using the GNU C++ compiler
configure:3512: g++ -c   conftest.cpp >&5
configure:3512: $? = 0
configure:3521: result: yes
configure:3530: checking whether g++ accepts -g
configure:3550: g++ -c -g  conftest.cpp >&5
configure:3550: $? = 0
configure:3591: result: yes
configure:3625: checking for style of include used by make
configure:3653: result: GNU
configure:3679: checking dependency style of g++
configure:3790: result: gcc3
configure:3837: checking build system type
configure:3851: result: x86_64-unknown-linux-gnu
configure:3871: checking host system type
configure:3884: result: x86_64-unknown-linux-gnu
configure:3925: checking how to print strings
configure:3952: result: printf
configure:4021: checking for gcc
configure:4037: found /usr/bin/gcc
configure:4048: result: gcc
configure:4277: checking for C compiler version
configure:4286: gcc --version >&5
gcc (SUSE Linux) 4.8.5
Copyright (C) 2015 Free Software Foundation, Inc.
This is free software; see the source for copying conditions.  There is NO
warranty; not even for MERCHANTABILITY or FITNESS FOR A PARTICULAR PURPOSE.

configure:4297: $? = 0
configure:4286: gcc -v >&5
Using built-in specs.
COLLECT_GCC=gcc
COLLECT_LTO_WRAPPER=/usr/lib64/gcc/x86_64-suse-linux/4.8/lto-wrapper
Target: x86_64-suse-linux
Configured with: ../configure --prefix=/usr --infodir=/usr/share/info --mandir=/usr/share/man --libdir=/usr/lib64 --libexecdir=/usr/lib64 --enable-languages=c,c++,objc,fortran,obj-c++,java,ada --enable-checking=release --with-gxx-include-dir=/usr/include/c++/4.8 --enable-ssp --disable-libssp --disable-plugin --with-bugurl=http://bugs.opensuse.org/ --with-pkgversion='SUSE Linux' --disable-libgcj --disable-libmudflap --with-slibdir=/lib64 --with-system-zlib --enable-__cxa_atexit --enable-libstdcxx-allocator=new --disable-libstdcxx-pch --enable-version-specific-runtime-libs --enable-linker-build-id --enable-linux-futex --program-suffix=-4.8 --without-system-libunwind --with-arch-32=i586 --with-tune=generic --build=x86_64-suse-linux --host=x86_64-suse-linux
Thread model: posix
gcc version 4.8.5 (SUSE Linux) 
configure:4297: $? = 0
configure:4286: gcc -V >&5
gcc: error: unrecognized command line option '-V'
gcc: fatal error: no input files
compilation terminated.
configure:4297: $? = 1
configure:4286: gcc -qversion >&5
gcc: error: unrecognized command line option '-qversion'
gcc: fatal error: no input files
compilation terminated.
configure:4297: $? = 1
configure:4301: checking whether we are using the GNU C compiler
configure:4320: gcc -c   conftest.c >&5
configure:4320: $? = 0
configure:4329: result: yes
configure:4338: checking whether gcc accepts -g
configure:4358: gcc -c -g  conftest.c >&5
configure:4358: $? = 0
configure:4399: result: yes
configure:4416: checking for gcc option to accept ISO C89
configure:4479: gcc  -c -g -O2  conftest.c >&5
configure:4479: $? = 0
configure:4492: result: none needed
configure:4517: checking whether gcc understands -c and -o together
configure:4539: gcc -c conftest.c -o conftest2.o
configure:4542: $? = 0
configure:4539: gcc -c conftest.c -o conftest2.o
configure:4542: $? = 0
configure:4554: result: yes
configure:4573: checking dependency style of gcc
configure:4684: result: gcc3
configure:4699: checking for a sed that does not truncate output
configure:4763: result: /bin/sed
configure:4781: checking for grep that handles long lines and -e
configure:4839: result: /bin/grep
configure:4844: checking for egrep
configure:4906: result: /bin/grep -E
configure:4911: checking for fgrep
configure:4973: result: /bin/grep -F
configure:5008: checking for ld used by gcc
configure:5075: result: /usr/x86_64-suse-linux/bin/ld
configure:5082: checking if the linker (/usr/x86_64-suse-linux/bin/ld) is GNU ld
configure:5097: result: yes
configure:5109: checking for BSD- or MS-compatible name lister (nm)
configure:5158: result: /usr/bin/nm -B
configure:5288: checking the name lister (/usr/bin/nm -B) interface
configure:5295: gcc -c -g -O2  conftest.c >&5
configure:5298: /usr/bin/nm -B "conftest.o"
configure:5301: output
0000000000000000 B some_variable
configure:5308: result: BSD nm
configure:5311: checking whether ln -s works
configure:5315: result: yes
configure:5323: checking the maximum length of command line arguments
configure:5453: result: 1572864
configure:5470: checking whether the shell understands some XSI constructs
configure:5480: result: yes
configure:5484: checking whether the shell understands "+="
configure:5490: result: yes
configure:5525: checking how to convert x86_64-unknown-linux-gnu file names to x86_64-unknown-linux-gnu format
configure:5565: result: func_convert_file_noop
configure:5572: checking how to convert x86_64-unknown-linux-gnu file names to toolchain format
configure:5592: result: func_convert_file_noop
configure:5599: checking for /usr/x86_64-suse-linux/bin/ld option to reload object files
configure:5606: result: -r
configure:5680: checking for objdump
configure:5696: found /usr/bin/objdump
configure:5707: result: objdump
configure:5739: checking how to recognize dependent libraries
configure:5941: result: pass_all
configure:6026: checking for dlltool
configure:6056: result: no
configure:6086: checking how to associate runtime and link libraries
configure:6113: result: printf %s\n
configure:6174: checking for ar
configure:6190: found /usr/bin/ar
configure:6201: result: ar
configure:6238: checking for archiver @FILE support
configure:6255: gcc -c -g -O2  conftest.c >&5
configure:6255: $? = 0
configure:6258: ar cru libconftest.a @conftest.lst >&5
configure:6261: $? = 0
configure:6266: ar cru libconftest.a @conftest.lst >&5
ar: conftest.o: No such file or directory
configure:6269: $? = 1
configure:6281: result: @
configure:6339: checking for strip
configure:6355: found /usr/bin/strip
configure:6366: result: strip
configure:6438: checking for ranlib
configure:6454: found /usr/bin/ranlib
configure:6465: result: ranlib
configure:6567: checking command to parse /usr/bin/nm -B output from gcc object
configure:6687: gcc -c -g -O2  conftest.c >&5
configure:6690: $? = 0
configure:6694: /usr/bin/nm -B conftest.o \| sed -n -e 's/^.*[ ]\([ABCDGIRSTW][ABCDGIRSTW]*\)[ ][ ]*\([_A-Za-z][_A-Za-z0-9]*\)$/\1 \2 \2/p' | sed '/ __gnu_lto/d' \> conftest.nm
configure:6697: $? = 0
configure:6763: gcc -o conftest -g -O2   conftest.c conftstm.o >&5
configure:6766: $? = 0
configure:6804: result: ok
configure:6841: checking for sysroot
configure:6871: result: no
configure:6948: gcc -c -g -O2  conftest.c >&5
configure:6951: $? = 0
configure:7133: checking for mt
configure:7149: found /usr/bin/mt
configure:7160: result: mt
configure:7183: checking if mt is a manifest tool
configure:7189: mt '-?'
configure:7197: result: no
configure:7839: checking how to run the C preprocessor
configure:7870: gcc -E  conftest.c
configure:7870: $? = 0
configure:7884: gcc -E  conftest.c
conftest.c:11:28: fatal error: ac_nonexistent.h: No such file or directory
 #include <ac_nonexistent.h>
                            ^
compilation terminated.
configure:7884: $? = 1
configure: failed program was:
| /* confdefs.h */
| #define PACKAGE_NAME "CheckMATE"
| #define PACKAGE_TARNAME "checkmate"
| #define PACKAGE_VERSION "2.0.0"
| #define PACKAGE_STRING "CheckMATE 2.0.0"
| #define PACKAGE_BUGREPORT "daschm@uni-bonn.de"
| #define PACKAGE_URL ""
| #define PACKAGE "checkmate"
| #define VERSION "2.0.0"
| /* end confdefs.h.  */
| #include <ac_nonexistent.h>
configure:7909: result: gcc -E
configure:7929: gcc -E  conftest.c
configure:7929: $? = 0
configure:7943: gcc -E  conftest.c
conftest.c:11:28: fatal error: ac_nonexistent.h: No such file or directory
 #include <ac_nonexistent.h>
                            ^
compilation terminated.
configure:7943: $? = 1
configure: failed program was:
| /* confdefs.h */
| #define PACKAGE_NAME "CheckMATE"
| #define PACKAGE_TARNAME "checkmate"
| #define PACKAGE_VERSION "2.0.0"
| #define PACKAGE_STRING "CheckMATE 2.0.0"
| #define PACKAGE_BUGREPORT "daschm@uni-bonn.de"
| #define PACKAGE_URL ""
| #define PACKAGE "checkmate"
| #define VERSION "2.0.0"
| /* end confdefs.h.  */
| #include <ac_nonexistent.h>
configure:7972: checking for ANSI C header files
configure:7992: gcc -c -g -O2  conftest.c >&5
configure:7992: $? = 0
configure:8065: gcc -o conftest -g -O2   conftest.c  >&5
configure:8065: $? = 0
configure:8065: ./conftest
configure:8065: $? = 0
configure:8076: result: yes
configure:8089: checking for sys/types.h
configure:8089: gcc -c -g -O2  conftest.c >&5
configure:8089: $? = 0
configure:8089: result: yes
configure:8089: checking for sys/stat.h
configure:8089: gcc -c -g -O2  conftest.c >&5
configure:8089: $? = 0
configure:8089: result: yes
configure:8089: checking for stdlib.h
configure:8089: gcc -c -g -O2  conftest.c >&5
configure:8089: $? = 0
configure:8089: result: yes
configure:8089: checking for string.h
configure:8089: gcc -c -g -O2  conftest.c >&5
configure:8089: $? = 0
configure:8089: result: yes
configure:8089: checking for memory.h
configure:8089: gcc -c -g -O2  conftest.c >&5
configure:8089: $? = 0
configure:8089: result: yes
configure:8089: checking for strings.h
configure:8089: gcc -c -g -O2  conftest.c >&5
configure:8089: $? = 0
configure:8089: result: yes
configure:8089: checking for inttypes.h
configure:8089: gcc -c -g -O2  conftest.c >&5
configure:8089: $? = 0
configure:8089: result: yes
configure:8089: checking for stdint.h
configure:8089: gcc -c -g -O2  conftest.c >&5
configure:8089: $? = 0
configure:8089: result: yes
configure:8089: checking for unistd.h
configure:8089: gcc -c -g -O2  conftest.c >&5
configure:8089: $? = 0
configure:8089: result: yes
configure:8103: checking for dlfcn.h
configure:8103: gcc -c -g -O2  conftest.c >&5
configure:8103: $? = 0
configure:8103: result: yes
configure:8320: checking for objdir
configure:8335: result: .libs
configure:8606: checking if gcc supports -fno-rtti -fno-exceptions
configure:8624: gcc -c -g -O2  -fno-rtti -fno-exceptions conftest.c >&5
cc1: warning: command line option '-fno-rtti' is valid for C++/ObjC++ but not for C [enabled by default]
configure:8628: $? = 0
configure:8641: result: no
configure:8968: checking for gcc option to produce PIC
configure:8975: result: -fPIC -DPIC
configure:8983: checking if gcc PIC flag -fPIC -DPIC works
configure:9001: gcc -c -g -O2  -fPIC -DPIC -DPIC conftest.c >&5
configure:9005: $? = 0
configure:9018: result: yes
configure:9047: checking if gcc static flag -static works
configure:9075: result: no
configure:9090: checking if gcc supports -c -o file.o
configure:9111: gcc -c -g -O2  -o out/conftest2.o conftest.c >&5
configure:9115: $? = 0
configure:9137: result: yes
configure:9145: checking if gcc supports -c -o file.o
configure:9192: result: yes
configure:9225: checking whether the gcc linker (/usr/x86_64-suse-linux/bin/ld -m elf_x86_64) supports shared libraries
configure:10378: result: yes
configure:10415: checking whether -lc should be explicitly linked in
configure:10423: gcc -c -g -O2  conftest.c >&5
configure:10426: $? = 0
configure:10441: gcc -shared  -fPIC -DPIC conftest.o  -v -Wl,-soname -Wl,conftest -o conftest 2\>\&1 \| /bin/grep  -lc  \>/dev/null 2\>\&1
configure:10444: $? = 0
configure:10458: result: no
configure:10618: checking dynamic linker characteristics
configure:11129: gcc -o conftest -g -O2   -Wl,-rpath -Wl,/foo conftest.c  >&5
configure:11129: $? = 0
configure:11351: result: GNU/Linux ld.so
configure:11458: checking how to hardcode library paths into programs
configure:11483: result: immediate
configure:12023: checking whether stripping libraries is possible
configure:12028: result: yes
configure:12063: checking if libtool supports shared libraries
configure:12065: result: yes
configure:12068: checking whether to build shared libraries
configure:12089: result: yes
configure:12092: checking whether to build static libraries
configure:12096: result: yes
configure:12119: checking how to run the C++ preprocessor
configure:12146: g++ -E  conftest.cpp
configure:12146: $? = 0
configure:12160: g++ -E  conftest.cpp
conftest.cpp:23:28: fatal error: ac_nonexistent.h: No such file or directory
 #include <ac_nonexistent.h>
                            ^
compilation terminated.
configure:12160: $? = 1
configure: failed program was:
| /* confdefs.h */
| #define PACKAGE_NAME "CheckMATE"
| #define PACKAGE_TARNAME "checkmate"
| #define PACKAGE_VERSION "2.0.0"
| #define PACKAGE_STRING "CheckMATE 2.0.0"
| #define PACKAGE_BUGREPORT "daschm@uni-bonn.de"
| #define PACKAGE_URL ""
| #define PACKAGE "checkmate"
| #define VERSION "2.0.0"
| #define STDC_HEADERS 1
| #define HAVE_SYS_TYPES_H 1
| #define HAVE_SYS_STAT_H 1
| #define HAVE_STDLIB_H 1
| #define HAVE_STRING_H 1
| #define HAVE_MEMORY_H 1
| #define HAVE_STRINGS_H 1
| #define HAVE_INTTYPES_H 1
| #define HAVE_STDINT_H 1
| #define HAVE_UNISTD_H 1
| #define HAVE_DLFCN_H 1
| #define LT_OBJDIR ".libs/"
| /* end confdefs.h.  */
| #include <ac_nonexistent.h>
configure:12185: result: g++ -E
configure:12205: g++ -E  conftest.cpp
configure:12205: $? = 0
configure:12219: g++ -E  conftest.cpp
conftest.cpp:23:28: fatal error: ac_nonexistent.h: No such file or directory
 #include <ac_nonexistent.h>
                            ^
compilation terminated.
configure:12219: $? = 1
configure: failed program was:
| /* confdefs.h */
| #define PACKAGE_NAME "CheckMATE"
| #define PACKAGE_TARNAME "checkmate"
| #define PACKAGE_VERSION "2.0.0"
| #define PACKAGE_STRING "CheckMATE 2.0.0"
| #define PACKAGE_BUGREPORT "daschm@uni-bonn.de"
| #define PACKAGE_URL ""
| #define PACKAGE "checkmate"
| #define VERSION "2.0.0"
| #define STDC_HEADERS 1
| #define HAVE_SYS_TYPES_H 1
| #define HAVE_SYS_STAT_H 1
| #define HAVE_STDLIB_H 1
| #define HAVE_STRING_H 1
| #define HAVE_MEMORY_H 1
| #define HAVE_STRINGS_H 1
| #define HAVE_INTTYPES_H 1
| #define HAVE_STDINT_H 1
| #define HAVE_UNISTD_H 1
| #define HAVE_DLFCN_H 1
| #define LT_OBJDIR ".libs/"
| /* end confdefs.h.  */
| #include <ac_nonexistent.h>
configure:12388: checking for ld used by g++
configure:12455: result: /usr/x86_64-suse-linux/bin/ld -m elf_x86_64
configure:12462: checking if the linker (/usr/x86_64-suse-linux/bin/ld -m elf_x86_64) is GNU ld
configure:12477: result: yes
configure:12532: checking whether the g++ linker (/usr/x86_64-suse-linux/bin/ld -m elf_x86_64) supports shared libraries
configure:13537: result: yes
configure:13573: g++ -c -g -O2  conftest.cpp >&5
configure:13576: $? = 0
configure:14096: checking for g++ option to produce PIC
configure:14103: result: -fPIC -DPIC
configure:14111: checking if g++ PIC flag -fPIC -DPIC works
configure:14129: g++ -c -g -O2  -fPIC -DPIC -DPIC conftest.cpp >&5
configure:14133: $? = 0
configure:14146: result: yes
configure:14169: checking if g++ static flag -static works
configure:14197: result: no
configure:14209: checking if g++ supports -c -o file.o
configure:14230: g++ -c -g -O2  -o out/conftest2.o conftest.cpp >&5
configure:14234: $? = 0
configure:14256: result: yes
configure:14261: checking if g++ supports -c -o file.o
configure:14308: result: yes
configure:14338: checking whether the g++ linker (/usr/x86_64-suse-linux/bin/ld -m elf_x86_64) supports shared libraries
configure:14374: result: yes
configure:14515: checking dynamic linker characteristics
configure:15182: result: GNU/Linux ld.so
configure:15235: checking how to hardcode library paths into programs
configure:15260: result: immediate
configure:15329: checking for ANSI C header files
configure:15433: result: yes
configure:15443: checking iostream usability
configure:15443: g++ -c -g -O2  conftest.cpp >&5
configure:15443: $? = 0
configure:15443: result: yes
configure:15443: checking iostream presence
configure:15443: g++ -E  conftest.cpp
configure:15443: $? = 0
configure:15443: result: yes
configure:15443: checking for iostream
configure:15443: result: yes
configure:15455: checking ostream usability
configure:15455: g++ -c -g -O2  conftest.cpp >&5
configure:15455: $? = 0
configure:15455: result: yes
configure:15455: checking ostream presence
configure:15455: g++ -E  conftest.cpp
configure:15455: $? = 0
configure:15455: result: yes
configure:15455: checking for ostream
configure:15455: result: yes
configure:15467: checking fstream usability
configure:15467: g++ -c -g -O2  conftest.cpp >&5
configure:15467: $? = 0
configure:15467: result: yes
configure:15467: checking fstream presence
configure:15467: g++ -E  conftest.cpp
configure:15467: $? = 0
configure:15467: result: yes
configure:15467: checking for fstream
configure:15467: result: yes
configure:15479: checking whether g++ supports C++11 features by default
configure:15503: g++ -c -g -O2  conftest.cpp >&5
conftest.cpp:31:24: error: expected identifier before 'sizeof'
          static_assert(sizeof(int) <= sizeof(T), "not big enough");
                        ^
conftest.cpp:31:24: error: expected ',' or '...' before 'sizeof'
conftest.cpp:31:66: error: ISO C++ forbids declaration of 'static_assert' with no type [-fpermissive]
          static_assert(sizeof(int) <= sizeof(T), "not big enough");
                                                                  ^
conftest.cpp:34:29: error: '>>' should be '> >' within a nested template argument list
     typedef check<check<bool>> right_angle_brackets;
                             ^
conftest.cpp:37:17: error: expected constructor, destructor, or type conversion before '(' token
         decltype(a) b;
                 ^
conftest.cpp:41:16: error: expected unqualified-id before '&&' token
      check_type&& cr = static_cast<check_type&&>(c);
                ^
configure:15503: $? = 1
configure: failed program was:
| /* confdefs.h */
| #define PACKAGE_NAME "CheckMATE"
| #define PACKAGE_TARNAME "checkmate"
| #define PACKAGE_VERSION "2.0.0"
| #define PACKAGE_STRING "CheckMATE 2.0.0"
| #define PACKAGE_BUGREPORT "daschm@uni-bonn.de"
| #define PACKAGE_URL ""
| #define PACKAGE "checkmate"
| #define VERSION "2.0.0"
| #define STDC_HEADERS 1
| #define HAVE_SYS_TYPES_H 1
| #define HAVE_SYS_STAT_H 1
| #define HAVE_STDLIB_H 1
| #define HAVE_STRING_H 1
| #define HAVE_MEMORY_H 1
| #define HAVE_STRINGS_H 1
| #define HAVE_INTTYPES_H 1
| #define HAVE_STDINT_H 1
| #define HAVE_UNISTD_H 1
| #define HAVE_DLFCN_H 1
| #define LT_OBJDIR ".libs/"
| #define STDC_HEADERS 1
| #define HAVE_IOSTREAM 1
| #define HAVE_OSTREAM 1
| #define HAVE_FSTREAM 1
| /* end confdefs.h.  */
| 
|   template <typename T>
|       struct check
|           {
| 	        static_assert(sizeof(int) <= sizeof(T), "not big enough");
| 		    };
| 
|     typedef check<check<bool>> right_angle_brackets;
| 
|     int a;
|         decltype(a) b;
| 
|     typedef check<int> check_type;
|         check_type c;
| 	    check_type&& cr = static_cast<check_type&&>(c);
| 
configure:15510: result: no
configure:15519: checking whether g++ supports C++11 features with -std=gnu++11
configure:15545: g++ -c -g -O2 -std=gnu++11  conftest.cpp >&5
configure:15545: $? = 0
configure:15554: result: yes
configure:15621: checking for HepMC location
configure:15637: result: /scratch/work/poncza/HepMC-2.06.09
configure:15653: checking HepMC/HepMCDefs.h usability
configure:15653: g++ -c -g -O2 -std=gnu++11  -I/scratch/work/poncza/HepMC-2.06.09/include conftest.cpp >&5
configure:15653: $? = 0
configure:15653: result: yes
configure:15653: checking HepMC/HepMCDefs.h presence
configure:15653: g++ -E  -I/scratch/work/poncza/HepMC-2.06.09/include conftest.cpp
configure:15653: $? = 0
configure:15653: result: yes
configure:15653: checking for HepMC/HepMCDefs.h
configure:15653: result: yes
configure:15667: checking HepMC/IO_GenEvent.h usability
configure:15667: g++ -c -g -O2 -std=gnu++11  -I/scratch/work/poncza/HepMC-2.06.09/include conftest.cpp >&5
configure:15667: $? = 0
configure:15667: result: yes
configure:15667: checking HepMC/IO_GenEvent.h presence
configure:15667: g++ -E  -I/scratch/work/poncza/HepMC-2.06.09/include conftest.cpp
configure:15667: $? = 0
configure:15667: result: yes
configure:15667: checking for HepMC/IO_GenEvent.h
configure:15667: result: yes
configure:15709: checking for Pythia8 location
configure:15725: result: /scratch/work/poncza/Pythia-8.2
configure:15733: checking for gzip include (optional)
configure:15744: result: not found
configure:15751: checking for gzip library (optional)
configure:15762: result: not found
configure:15777: result: 
configure:15787: checking Pythia8/Pythia.h usability
configure:15787: g++ -c -g -O2 -std=gnu++11  -I/scratch/work/poncza/Pythia-8.2/include -I/scratch/work/poncza/HepMC-2.06.09/include conftest.cpp >&5
configure:15787: $? = 0
configure:15787: result: yes
configure:15787: checking Pythia8/Pythia.h presence
configure:15787: g++ -E  -I/scratch/work/poncza/Pythia-8.2/include -I/scratch/work/poncza/HepMC-2.06.09/include conftest.cpp
configure:15787: $? = 0
configure:15787: result: yes
configure:15787: checking for Pythia8/Pythia.h
configure:15787: result: yes
configure:15802: checking Pythia8Plugins/HepMC2.h usability
configure:15802: g++ -c -g -O2 -std=gnu++11  -I/scratch/work/poncza/Pythia-8.2/include -I/scratch/work/poncza/HepMC-2.06.09/include conftest.cpp >&5
configure:15802: $? = 0
configure:15802: result: yes
configure:15802: checking Pythia8Plugins/HepMC2.h presence
configure:15802: g++ -E  -I/scratch/work/poncza/Pythia-8.2/include -I/scratch/work/poncza/HepMC-2.06.09/include conftest.cpp
configure:15802: $? = 0
configure:15802: result: yes
configure:15802: checking for Pythia8Plugins/HepMC2.h
configure:15802: result: yes
configure:15856: checking for python
configure:15866: checking for python
configure:15884: found /usr/bin/python
configure:15897: result: /usr/bin/python
configure:15905: result: /usr/bin/python
configure:15917: checking whether /usr/bin/python version is >= 2.7.3
configure:15928: /usr/bin/python -c import sys # split strings by '.' and convert to numeric. Append some zeros # because we need at least 4 digits for the hex conversion. # map returns an iterator in Python 3.0 and a list in 2.x minver = list(map(int, '2.7.3'.split('.'))) + [0, 0, 0] minverhex = 0 # xrange is not present in Python 3.0 and range returns an iterator for i in list(range(0, 4)): minverhex = (minverhex << 8) + minver[i] sys.exit(sys.hexversion < minverhex)
configure:15931: $? = 0
configure:15933: result: yes
configure:16026: checking for /usr/bin/python version
configure:16033: result: 2.7
configure:16045: checking for /usr/bin/python platform
configure:16052: result: linux2
configure:16078: checking for /usr/bin/python script directory
configure:16113: result: ${prefix}/lib/python2.7/site-packages
configure:16122: checking for /usr/bin/python extension module directory
configure:16157: result: ${exec_prefix}/lib64/python2.7/site-packages
configure:16188: checking for root-config
configure:16206: found /scratch/work/poncza/ROOT-5.34.36/bin/root-config
configure:16219: result: /scratch/work/poncza/ROOT-5.34.36/bin/root-config
configure:16229: checking for root
configure:16247: found /scratch/work/poncza/ROOT-5.34.36/bin/root
configure:16260: result: /scratch/work/poncza/ROOT-5.34.36/bin/root
configure:16270: checking for rootcint
configure:16288: found /scratch/work/poncza/ROOT-5.34.36/bin/rootcint
configure:16301: result: /scratch/work/poncza/ROOT-5.34.36/bin/rootcint
configure:16328: checking whether ROOT version >= 5.20
configure:16337: result: yes
configure:16391: checking for Delphes location
configure:16408: result: /scratch/work/poncza/Delphes-3.4.1/Delphes-3.4.1
configure:16421: checking for classes/DelphesClasses.h
configure:16421: g++ -c -g -O2 -std=gnu++11  -I/scratch/work/poncza/Pythia-8.2/include -I/scratch/work/poncza/HepMC-2.06.09/include -I/scratch/work/poncza/Delphes-3.4.1/Delphes-3.4.1 -I/scratch/work/poncza/Delphes-3.4.1/Delphes-3.4.1/external -I/scratch/work/poncza/ROOT-5.34.36/include/root conftest.cpp >&5
configure:16421: $? = 0
configure:16421: result: yes
configure:16454: checking for MadGraph location
configure:16469: result: /scratch/work/poncza/MG5_aMC_v2_5_1
configure:16476: checking for /scratch/work/poncza/MG5_aMC_v2_5_1/bin/mg5_aMC
configure:16490: result: yes
configure:16510: checking for LHAPDF6 location
configure:16526: result: /scratch/work/poncza/lhapdf-6.1.5
configure:16545: checking for FASTJET location
configure:16558: result: "not found"
configure:16737: checking that generated files are newer than configure
configure:16743: result: done
configure:16802: creating ./config.status

## ---------------------- ##
## Running config.status. ##
## ---------------------- ##

This file was extended by CheckMATE config.status 2.0.0, which was
generated by GNU Autoconf 2.69.  Invocation command line was

  CONFIG_FILES    = 
  CONFIG_HEADERS  = 
  CONFIG_LINKS    = 
  CONFIG_COMMANDS = 
  $ ./config.status 

on lxte513

config.status:1140: creating Makefile
config.status:1140: creating tools/analysis/Makefile
config.status:1140: creating tools/fritz/Makefile
config.status:1140: creating tools/fritz/include/reweightinghandler/procs/Makefile
config.status:1312: executing depfiles commands
config.status:1312: executing libtool commands
configure:19108: result: 
configure:19110: result: === Subconfigurations Done ===
configure:19112: result: Configuration of CheckMATE finished. Run 'make' to compile. If you have more than one core, you can use -j2 or even -j4 to speed up the compilation process.
configure:19114: result: 
configure:19168: result: 
configure:19170: result: === IMPORANT! ===
configure:19172: result: You did not provide any link to FastJet using the --with-fastjet parameter. If you continue you will not be able to
configure:19174: result:    - Use the Reweighting Module

## ---------------- ##
## Cache variables. ##
## ---------------- ##

ac_cv_build=x86_64-unknown-linux-gnu
ac_cv_c_compiler_gnu=yes
ac_cv_cxx_compiler_gnu=yes
ac_cv_env_CCC_set=
ac_cv_env_CCC_value=
ac_cv_env_CC_set=
ac_cv_env_CC_value=
ac_cv_env_CFLAGS_set=
ac_cv_env_CFLAGS_value=
ac_cv_env_CPPFLAGS_set=
ac_cv_env_CPPFLAGS_value=
ac_cv_env_CPP_set=
ac_cv_env_CPP_value=
ac_cv_env_CXXCPP_set=
ac_cv_env_CXXCPP_value=
ac_cv_env_CXXFLAGS_set=
ac_cv_env_CXXFLAGS_value=
ac_cv_env_CXX_set=
ac_cv_env_CXX_value=
ac_cv_env_LDFLAGS_set=
ac_cv_env_LDFLAGS_value=
ac_cv_env_LIBS_set=
ac_cv_env_LIBS_value=
ac_cv_env_PYTHON_set=
ac_cv_env_PYTHON_value=
ac_cv_env_build_alias_set=
ac_cv_env_build_alias_value=
ac_cv_env_host_alias_set=
ac_cv_env_host_alias_value=
ac_cv_env_target_alias_set=
ac_cv_env_target_alias_value=
ac_cv_file__scratch_work_poncza_MG5_aMC_v2_5_1_bin_mg5_aMC=yes
ac_cv_header_HepMC_HepMCDefs_h=yes
ac_cv_header_HepMC_IO_GenEvent_h=yes
ac_cv_header_Pythia8Plugins_HepMC2_h=yes
ac_cv_header_Pythia8_Pythia_h=yes
ac_cv_header_classes_DelphesClasses_h=yes
ac_cv_header_dlfcn_h=yes
ac_cv_header_fstream=yes
ac_cv_header_inttypes_h=yes
ac_cv_header_iostream=yes
ac_cv_header_memory_h=yes
ac_cv_header_ostream=yes
ac_cv_header_stdc=yes
ac_cv_header_stdint_h=yes
ac_cv_header_stdlib_h=yes
ac_cv_header_string_h=yes
ac_cv_header_strings_h=yes
ac_cv_header_sys_stat_h=yes
ac_cv_header_sys_types_h=yes
ac_cv_header_unistd_h=yes
ac_cv_host=x86_64-unknown-linux-gnu
ac_cv_objext=o
ac_cv_path_EGREP='/bin/grep -E'
ac_cv_path_FGREP='/bin/grep -F'
ac_cv_path_GREP=/bin/grep
ac_cv_path_PYTHON=/usr/bin/python
ac_cv_path_ROOTCINT=/scratch/work/poncza/ROOT-5.34.36/bin/rootcint
ac_cv_path_ROOTCONF=/scratch/work/poncza/ROOT-5.34.36/bin/root-config
ac_cv_path_ROOTEXEC=/scratch/work/poncza/ROOT-5.34.36/bin/root
ac_cv_path_SED=/bin/sed
ac_cv_path_install='/usr/bin/install -c'
ac_cv_path_mkdir=/bin/mkdir
ac_cv_prog_AWK=gawk
ac_cv_prog_CPP='gcc -E'
ac_cv_prog_CXXCPP='g++ -E'
ac_cv_prog_ac_ct_AR=ar
ac_cv_prog_ac_ct_CC=gcc
ac_cv_prog_ac_ct_CXX=g++
ac_cv_prog_ac_ct_MANIFEST_TOOL=mt
ac_cv_prog_ac_ct_OBJDUMP=objdump
ac_cv_prog_ac_ct_RANLIB=ranlib
ac_cv_prog_ac_ct_STRIP=strip
ac_cv_prog_cc_c89=
ac_cv_prog_cc_g=yes
ac_cv_prog_cxx_g=yes
ac_cv_prog_make_make_set=yes
am_cv_CC_dependencies_compiler_type=gcc3
am_cv_CXX_dependencies_compiler_type=gcc3
am_cv_make_support_nested_variables=yes
am_cv_prog_cc_c_o=yes
am_cv_python_platform=linux2
am_cv_python_pyexecdir='${exec_prefix}/lib64/python2.7/site-packages'
am_cv_python_pythondir='${prefix}/lib/python2.7/site-packages'
am_cv_python_version=2.7
ax_cv_cxx_compile_cxx11=no
ax_cv_cxx_compile_cxx11__std_gnupp11=yes
lt_cv_ar_at_file=@
lt_cv_archive_cmds_need_lc=no
lt_cv_deplibs_check_method=pass_all
lt_cv_file_magic_cmd='$MAGIC_CMD'
lt_cv_file_magic_test_file=
lt_cv_ld_reload_flag=-r
lt_cv_nm_interface='BSD nm'
lt_cv_objdir=.libs
lt_cv_path_LD=/usr/x86_64-suse-linux/bin/ld
lt_cv_path_LDCXX='/usr/x86_64-suse-linux/bin/ld -m elf_x86_64'
lt_cv_path_NM='/usr/bin/nm -B'
lt_cv_path_mainfest_tool=no
lt_cv_prog_compiler_c_o=yes
lt_cv_prog_compiler_c_o_CXX=yes
lt_cv_prog_compiler_pic='-fPIC -DPIC'
lt_cv_prog_compiler_pic_CXX='-fPIC -DPIC'
lt_cv_prog_compiler_pic_works=yes
lt_cv_prog_compiler_pic_works_CXX=yes
lt_cv_prog_compiler_rtti_exceptions=no
lt_cv_prog_compiler_static_works=no
lt_cv_prog_compiler_static_works_CXX=no
lt_cv_prog_gnu_ld=yes
lt_cv_prog_gnu_ldcxx=yes
lt_cv_sharedlib_from_linklib_cmd='printf %s\n'
lt_cv_shlibpath_overrides_runpath=yes
lt_cv_sys_global_symbol_pipe='sed -n -e '\''s/^.*[	 ]\([ABCDGIRSTW][ABCDGIRSTW]*\)[	 ][	 ]*\([_A-Za-z][_A-Za-z0-9]*\)$/\1 \2 \2/p'\'' | sed '\''/ __gnu_lto/d'\'''
lt_cv_sys_global_symbol_to_c_name_address='sed -n -e '\''s/^: \([^ ]*\)[ ]*$/  {\"\1\", (void *) 0},/p'\'' -e '\''s/^[ABCDGIRSTW]* \([^ ]*\) \([^ ]*\)$/  {"\2", (void *) \&\2},/p'\'''
lt_cv_sys_global_symbol_to_c_name_address_lib_prefix='sed -n -e '\''s/^: \([^ ]*\)[ ]*$/  {\"\1\", (void *) 0},/p'\'' -e '\''s/^[ABCDGIRSTW]* \([^ ]*\) \(lib[^ ]*\)$/  {"\2", (void *) \&\2},/p'\'' -e '\''s/^[ABCDGIRSTW]* \([^ ]*\) \([^ ]*\)$/  {"lib\2", (void *) \&\2},/p'\'''
lt_cv_sys_global_symbol_to_cdecl='sed -n -e '\''s/^T .* \(.*\)$/extern int \1();/p'\'' -e '\''s/^[ABCDGIRSTW]* .* \(.*\)$/extern char \1;/p'\'''
lt_cv_sys_max_cmd_len=1572864
lt_cv_to_host_file_cmd=func_convert_file_noop
lt_cv_to_tool_file_cmd=func_convert_file_noop

## ----------------- ##
## Output variables. ##
## ----------------- ##

ACLOCAL='${SHELL} /scratch/work/poncza/checkmate-git/missing aclocal-1.14'
AMDEPBACKSLASH='\'
AMDEP_FALSE='#'
AMDEP_TRUE=''
AMTAR='$${TAR-tar}'
AM_BACKSLASH='\'
AM_DEFAULT_V='$(AM_DEFAULT_VERBOSITY)'
AM_DEFAULT_VERBOSITY='1'
AM_V='$(V)'
AR='ar'
AUTOCONF='${SHELL} /scratch/work/poncza/checkmate-git/missing autoconf'
AUTOHEADER='${SHELL} /scratch/work/poncza/checkmate-git/missing autoheader'
AUTOMAKE='${SHELL} /scratch/work/poncza/checkmate-git/missing automake-1.14'
AWK='gawk'
CC='gcc'
CCDEPMODE='depmode=gcc3'
CFLAGS='-g -O2'
CPP='gcc -E'
CPPFLAGS=' -I/scratch/work/poncza/Pythia-8.2/include -I/scratch/work/poncza/HepMC-2.06.09/include -I/scratch/work/poncza/Delphes-3.4.1/Delphes-3.4.1 -I/scratch/work/poncza/Delphes-3.4.1/Delphes-3.4.1/external -I/scratch/work/poncza/ROOT-5.34.36/include/root'
CREATE_HEPMC=''
CXX='g++'
CXXCPP='g++ -E'
CXXDEPMODE='depmode=gcc3'
CXXFLAGS='-g -O2 -std=gnu++11'
CYGPATH_W='echo'
DEFS='-DPACKAGE_NAME=\"CheckMATE\" -DPACKAGE_TARNAME=\"checkmate\" -DPACKAGE_VERSION=\"2.0.0\" -DPACKAGE_STRING=\"CheckMATE\ 2.0.0\" -DPACKAGE_BUGREPORT=\"daschm@uni-bonn.de\" -DPACKAGE_URL=\"\" -DPACKAGE=\"checkmate\" -DVERSION=\"2.0.0\" -DSTDC_HEADERS=1 -DHAVE_SYS_TYPES_H=1 -DHAVE_SYS_STAT_H=1 -DHAVE_STDLIB_H=1 -DHAVE_STRING_H=1 -DHAVE_MEMORY_H=1 -DHAVE_STRINGS_H=1 -DHAVE_INTTYPES_H=1 -DHAVE_STDINT_H=1 -DHAVE_UNISTD_H=1 -DHAVE_DLFCN_H=1 -DLT_OBJDIR=\".libs/\" -DSTDC_HEADERS=1 -DHAVE_IOSTREAM=1 -DHAVE_OSTREAM=1 -DHAVE_FSTREAM=1 -DHAVE_HEPMC_HEPMCDEFS_H=1 -DHAVE_HEPMC_IO_GENEVENT_H=1 -DHAVE_PYTHIA8_PYTHIA_H=1 -DHAVE_PYTHIA8PLUGINS_HEPMC2_H=1 -DHAVE_CLASSES_DELPHESCLASSES_H=1'
DELPHESCFLAGS='-I/scratch/work/poncza/Delphes-3.4.1/Delphes-3.4.1 -I/scratch/work/poncza/Delphes-3.4.1/Delphes-3.4.1/external'
DELPHESINCLUDE=''
DELPHESLIBDIR='/scratch/work/poncza/Delphes-3.4.1/Delphes-3.4.1'
DELPHESLIBS='-lEG -lDelphes'
DEPDIR='.deps'
DLLTOOL='false'
DSYMUTIL=''
DUMPBIN=''
DYLD_LIBRARY_PATH='/scratch/work/poncza/ROOT-5.34.36/lib/root'
ECHO_C=''
ECHO_N='-n'
ECHO_T=''
EGREP='/bin/grep -E'
EXEEXT=''
FASTJETINCLUDE=''
FASTJETLIBDIR=''
FASTJETLIBS=''
FGREP='/bin/grep -F'
GREP='/bin/grep'
GZIPINC=''
GZIPLIB=''
HAVE_DELPHES_FALSE='#'
HAVE_DELPHES_TRUE=''
HAVE_FASTJET_FALSE=''
HAVE_FASTJET_TRUE='#'
HAVE_GZIPINC_FALSE=''
HAVE_GZIPINC_TRUE='#'
HAVE_GZIPLIB_FALSE=''
HAVE_GZIPLIB_TRUE='#'
HAVE_HEPMC_FALSE='#'
HAVE_HEPMC_TRUE=''
HAVE_LHAPDF_FALSE='#'
HAVE_LHAPDF_TRUE=''
HAVE_MADGRAPH_FALSE='#'
HAVE_MADGRAPH_TRUE=''
HAVE_PYTHIA_FALSE='#'
HAVE_PYTHIA_TRUE=''
HEPMCINCLUDE='-I/scratch/work/poncza/HepMC-2.06.09/include'
HEPMCLIBDIR='/scratch/work/poncza/HepMC-2.06.09/lib'
HEPMCLIBS='-L/scratch/work/poncza/HepMC-2.06.09/lib -lHepMCfio -lHepMC'
INSTALL_DATA='${INSTALL} -m 644'
INSTALL_PROGRAM='${INSTALL}'
INSTALL_SCRIPT='${INSTALL}'
INSTALL_STRIP_PROGRAM='$(install_sh) -c -s'
LD='/usr/x86_64-suse-linux/bin/ld -m elf_x86_64'
LDFLAGS=''
LD_LIBRARY_PATH='/scratch/work/poncza/ROOT-5.34.36/lib/root:/scratch/work/poncza/YODA-1.6.6/lib:/scratch/work/poncza/lhapdf-6.1.5/lib:/scratch/work/poncza/lhapdf-5.9.1/lib/:'
LD_RUN_PATH=''
LHAPDFINCLUDE='-I/scratch/work/poncza/lhapdf-6.1.5/include'
LHAPDFLIBDIR='/scratch/work/poncza/lhapdf-6.1.5/lib'
LHAPDFLIBS='-L/scratch/work/poncza/lhapdf-6.1.5/lib -lLHAPDF'
LIBOBJS=''
LIBS=' -L/scratch/work/poncza/HepMC-2.06.09/lib -lHepMCfio -lHepMC -L/scratch/work/poncza/Pythia-8.2/lib -lpythia8 -ldl -lm -lz -L/scratch/work/poncza/Delphes-3.4.1/Delphes-3.4.1 -L/scratch/work/poncza/ROOT-5.34.36/lib/root -lGui -lCore -lCint -lRIO -lNet -lHist -lGraf -lGraf3d -lGpad -lTree -lRint -lPostscript -lMatrix -lPhysics -lMathCore -lThread -lCore -lCint -lRIO -lNet -lHist -lGraf -lGraf3d -lGpad -lTree -lRint -lPostscript -lMatrix -lPhysics -lMathCore -lThread -lEG -lDelphes'
LIBTOOL='$(SHELL) $(top_builddir)/libtool'
LIPO=''
LN_S='ln -s'
LOAD_HEPMC=''
LTLIBOBJS=''
MADGRAPHDIR='/scratch/work/poncza/MG5_aMC_v2_5_1'
MAKEINFO='${SHELL} /scratch/work/poncza/checkmate-git/missing makeinfo'
MANIFEST_TOOL=':'
MKDIR_P='/bin/mkdir -p'
NM='/usr/bin/nm -B'
NMEDIT=''
OBJDUMP='objdump'
OBJEXT='o'
OTOOL64=''
OTOOL=''
PACKAGE='checkmate'
PACKAGE_BUGREPORT='daschm@uni-bonn.de'
PACKAGE_NAME='CheckMATE'
PACKAGE_STRING='CheckMATE 2.0.0'
PACKAGE_TARNAME='checkmate'
PACKAGE_URL=''
PACKAGE_VERSION='2.0.0'
PATH_SEPARATOR=':'
PYTHIAINCLUDE='-I/scratch/work/poncza/Pythia-8.2/include'
PYTHIALIBDIR='/scratch/work/poncza/Pythia-8.2/lib'
PYTHIALIBS='-L/scratch/work/poncza/Pythia-8.2/lib -lpythia8 -ldl -lm -lz'
PYTHON='/usr/bin/python'
PYTHON_EXEC_PREFIX='${exec_prefix}'
PYTHON_PLATFORM='linux2'
PYTHON_PREFIX='${prefix}'
PYTHON_VERSION='2.7'
RANLIB='ranlib'
ROOTAUXCFLAGS='-pthread -m64'
ROOTAUXLIBS='-pthread -lm -ldl -rdynamic'
ROOTCFLAGS='-I/scratch/work/poncza/ROOT-5.34.36/include/root'
ROOTCINT='/scratch/work/poncza/ROOT-5.34.36/bin/rootcint'
ROOTCONF='/scratch/work/poncza/ROOT-5.34.36/bin/root-config'
ROOTETCDIR='/scratch/work/poncza/ROOT-5.34.36/etc'
ROOTEXEC='/scratch/work/poncza/ROOT-5.34.36/bin/root'
ROOTGLIBS='-lGui -lCore -lCint -lRIO -lNet -lHist -lGraf -lGraf3d -lGpad -lTree -lRint -lPostscript -lMatrix -lPhysics -lMathCore -lThread'
ROOTINCDIR='/scratch/work/poncza/ROOT-5.34.36/include/root'
ROOTLIBDIR='/scratch/work/poncza/ROOT-5.34.36/lib/root'
ROOTLIBS='-lCore -lCint -lRIO -lNet -lHist -lGraf -lGraf3d -lGpad -lTree -lRint -lPostscript -lMatrix -lPhysics -lMathCore -lThread'
ROOTRPATH='/scratch/work/poncza/ROOT-5.34.36/lib/root'
ROOTSOVERSION='5.34'
ROOTSYS='/scratch/work/poncza/ROOT-5.34.36/bin'
ROOTSYSTEM='/scratch/work/poncza/ROOT-5.34.36'
ROOTVERSION='5.34/36'
SED='/bin/sed'
SET_MAKE=''
SHELL='/bin/sh'
STRIP='strip'
VERSION='2.0.0'
ac_ct_AR='ar'
ac_ct_CC='gcc'
ac_ct_CXX='g++'
ac_ct_DUMPBIN=''
am__EXEEXT_FALSE=''
am__EXEEXT_TRUE='#'
am__fastdepCC_FALSE='#'
am__fastdepCC_TRUE=''
am__fastdepCXX_FALSE='#'
am__fastdepCXX_TRUE=''
am__include='include'
am__isrc=''
am__leading_dot='.'
am__nodep='_no'
am__quote=''
am__tar='$${TAR-tar} chof - "$$tardir"'
am__untar='$${TAR-tar} xf -'
bindir='${exec_prefix}/bin'
build='x86_64-unknown-linux-gnu'
build_alias=''
build_cpu='x86_64'
build_os='linux-gnu'
build_vendor='unknown'
datadir='${datarootdir}'
datarootdir='${prefix}/share'
docdir='${datarootdir}/doc/${PACKAGE_TARNAME}'
dvidir='${docdir}'
exec_prefix='${prefix}'
host='x86_64-unknown-linux-gnu'
host_alias=''
host_cpu='x86_64'
host_os='linux-gnu'
host_vendor='unknown'
htmldir='${docdir}'
includedir='${prefix}/include'
infodir='${datarootdir}/info'
install_sh='${SHELL} /scratch/work/poncza/checkmate-git/install-sh'
libdir='${exec_prefix}/lib64'
libexecdir='${exec_prefix}/lib'
localedir='${datarootdir}/locale'
localstatedir='${prefix}/var'
mandir='${datarootdir}/man'
mkdir_p='$(MKDIR_P)'
oldincludedir='/usr/include'
pdfdir='${docdir}'
pkgpyexecdir='${pyexecdir}/checkmate'
pkgpythondir='${pythondir}/checkmate'
prefix='/usr/local'
program_transform_name='s,x,x,'
psdir='${docdir}'
pyexecdir='${exec_prefix}/lib64/python2.7/site-packages'
pythondir='${prefix}/lib/python2.7/site-packages'
sbindir='${exec_prefix}/sbin'
sharedstatedir='${prefix}/com'
sysconfdir='${prefix}/etc'
target_alias=''

## ----------- ##
## confdefs.h. ##
## ----------- ##

/* confdefs.h */
#define PACKAGE_NAME "CheckMATE"
#define PACKAGE_TARNAME "checkmate"
#define PACKAGE_VERSION "2.0.0"
#define PACKAGE_STRING "CheckMATE 2.0.0"
#define PACKAGE_BUGREPORT "daschm@uni-bonn.de"
#define PACKAGE_URL ""
#define PACKAGE "checkmate"
#define VERSION "2.0.0"
#define STDC_HEADERS 1
#define HAVE_SYS_TYPES_H 1
#define HAVE_SYS_STAT_H 1
#define HAVE_STDLIB_H 1
#define HAVE_STRING_H 1
#define HAVE_MEMORY_H 1
#define HAVE_STRINGS_H 1
#define HAVE_INTTYPES_H 1
#define HAVE_STDINT_H 1
#define HAVE_UNISTD_H 1
#define HAVE_DLFCN_H 1
#define LT_OBJDIR ".libs/"
#define STDC_HEADERS 1
#define HAVE_IOSTREAM 1
#define HAVE_OSTREAM 1
#define HAVE_FSTREAM 1
#define HAVE_HEPMC_HEPMCDEFS_H 1
#define HAVE_HEPMC_IO_GENEVENT_H 1
#define HAVE_PYTHIA8_PYTHIA_H 1
#define HAVE_PYTHIA8PLUGINS_HEPMC2_H 1
#define HAVE_CLASSES_DELPHESCLASSES_H 1

configure: exit 0
