Error in cling::AutoloadingVisitor::InsertIntoAutoloadingState:
   Missing FileEntry for ExRootAnalysis/ExRootTreeReader.h
   requested to autoload type ExRootTreeReader
Error in cling::AutoloadingVisitor::InsertIntoAutoloadingState:
   Missing FileEntry for ExRootAnalysis/ExRootTreeWriter.h
   requested to autoload type ExRootTreeWriter
Error in cling::AutoloadingVisitor::InsertIntoAutoloadingState:
   Missing FileEntry for ExRootAnalysis/ExRootTreeBranch.h
   requested to autoload type ExRootTreeBranch
Error in cling::AutoloadingVisitor::InsertIntoAutoloadingState:
   Missing FileEntry for ExRootAnalysis/ExRootResult.h
   requested to autoload type ExRootResult
Error in cling::AutoloadingVisitor::InsertIntoAutoloadingState:
   Missing FileEntry for ExRootAnalysis/ExRootClassifier.h
   requested to autoload type ExRootClassifier
Error in cling::AutoloadingVisitor::InsertIntoAutoloadingState:
   Missing FileEntry for ExRootAnalysis/ExRootFilter.h
   requested to autoload type ExRootFilter
Error in cling::AutoloadingVisitor::InsertIntoAutoloadingState:
   Missing FileEntry for ExRootAnalysis/ExRootProgressBar.h
   requested to autoload type ExRootProgressBar
Error in cling::AutoloadingVisitor::InsertIntoAutoloadingState:
   Missing FileEntry for ExRootAnalysis/ExRootConfReader.h
   requested to autoload type ExRootConfParam
Error in cling::AutoloadingVisitor::InsertIntoAutoloadingState:
   Missing FileEntry for ExRootAnalysis/ExRootConfReader.h
   requested to autoload type ExRootConfReader
Error in cling::AutoloadingVisitor::InsertIntoAutoloadingState:
   Missing FileEntry for ExRootAnalysis/ExRootTask.h
   requested to autoload type ExRootTask
